[debug] [2020-08-04T10:33:23.149Z] ----------------------------------------------------------------------
[debug] [2020-08-04T10:33:23.151Z] Command:       /usr/bin/node /usr/local/bin/firebase init
[debug] [2020-08-04T10:33:23.151Z] CLI Version:   8.6.0
[debug] [2020-08-04T10:33:23.151Z] Platform:      linux
[debug] [2020-08-04T10:33:23.151Z] Node Version:  v10.19.0
[debug] [2020-08-04T10:33:23.152Z] Time:          Tue Aug 04 2020 16:03:23 GMT+0530 (India Standard Time)
[debug] [2020-08-04T10:33:23.152Z] ----------------------------------------------------------------------
[debug] [2020-08-04T10:33:23.152Z] 
[debug] [2020-08-04T10:33:23.158Z] > command requires scopes: ["email","openid","https://www.googleapis.com/auth/cloudplatformprojects.readonly","https://www.googleapis.com/auth/firebase","https://www.googleapis.com/auth/cloud-platform"]
[debug] [2020-08-04T10:33:23.158Z] > authorizing via signed-in user
[info] 
     ######## #### ########  ######## ########     ###     ######  ########
     ##        ##  ##     ## ##       ##     ##  ##   ##  ##       ##
     ######    ##  ########  ######   ########  #########  ######  ######
     ##        ##  ##    ##  ##       ##     ## ##     ##       ## ##
     ##       #### ##     ## ######## ########  ##     ##  ######  ########

You're about to initialize a Firebase project in this directory:

  /mnt/c/Users/Deepika Chowdary/desktop/movies

Before we get started, keep in mind:

  * You are currently outside your home directory

